<?xml version="1.0" encoding="UTF-8"?>
<!-- Generated by org.testng.reporters.JUnitXMLReporter -->
<testsuite ignored="0" hostname="Naveen" failures="0" tests="1" name="Test-Running2" time="34.111" errors="0" timestamp="2023-03-08T12:43:19 IST">
  <testcase classname="vtiger.ContactsTest.ContactsCreateWithOrganzation" name="ContactsCreateWithOrganzationTest" time="26.349"/>
</testsuite> <!-- Test-Running2 -->
