<?xml version="1.0" encoding="UTF-8"?>
<!-- Generated by org.testng.reporters.JUnitXMLReporter -->
<testsuite ignored="0" hostname="Naveen" failures="0" tests="1" name="Test-Running1" time="58.873" errors="0" timestamp="2023-03-08T12:42:45 IST">
  <testcase classname="vtiger.OrgnizationTest.CreateOrgnization" name="CreateOrgnizationTest" time="32.175"/>
</testsuite> <!-- Test-Running1 -->
