<?xml version="1.0" encoding="UTF-8"?>
<!-- Generated by org.testng.reporters.JUnitReportReporter -->
<testsuite hostname="Naveen" failures="0" tests="1" name="practice.Testng" time="0.015" errors="0" timestamp="2023-03-16T13:55:16 IST" skipped="0">
  <testcase classname="practice.Testng" name="test" time="0.015"/>
  <system-out/>
</testsuite> <!-- practice.Testng -->
