<?xml version="1.0" encoding="UTF-8"?>
<!-- Generated by org.testng.reporters.JUnitReportReporter -->
<testsuite hostname="Naveen" failures="0" tests="1" name="vtiger.ContactsTest.ContactsCreateWithOrganzation" time="27.014" errors="0" timestamp="2023-03-29T18:51:34 IST" skipped="0">
  <testcase classname="vtiger.ContactsTest.ContactsCreateWithOrganzation" name="ContactsCreateWithOrganzationTest" time="27.014"/>
  <system-out>
    <![CDATA[ Click on Organizations link Successful
Click on Create Organization look up image Successful
Create Organization with mandatory details Successful
Navigate to contacts Link Successful
Click on create contact look up image Successful
Click on create contact and Save Successful]]>
  </system-out>
</testsuite> <!-- vtiger.ContactsTest.ContactsCreateWithOrganzation -->
