<?xml version="1.0" encoding="UTF-8"?>
<!-- Generated by org.testng.reporters.JUnitReportReporter -->
<testsuite hostname="Naveen" failures="0" tests="1" name="practice.simple" time="0.018" errors="0" timestamp="2023-02-28T13:26:18 IST" skipped="0">
  <testcase classname="practice.simple" name="testing" time="0.018"/>
  <system-out/>
</testsuite> <!-- practice.simple -->
