<?xml version="1.0" encoding="UTF-8"?>
<!-- Generated by org.testng.reporters.JUnitReportReporter -->
<testsuite hostname="Naveen" failures="0" tests="1" name="practice.ReadDatafromCmdLine" time="0.012" errors="0" timestamp="2023-03-20T12:47:31 IST" skipped="0">
  <testcase classname="practice.ReadDatafromCmdLine" name="readData" time="0.012"/>
  <system-out/>
</testsuite> <!-- practice.ReadDatafromCmdLine -->
