<?xml version="1.0" encoding="UTF-8"?>
<!-- Generated by org.testng.reporters.JUnitReportReporter -->
<testsuite hostname="Naveen" failures="0" tests="5" name="practice.CreateMultipleWithOrgIndustryTest" time="73.080" errors="0" timestamp="2023-03-10T17:35:09 IST" skipped="0">
  <testcase classname="practice.CreateMultipleWithOrgIndustryTest" name="createMultipleOrg" time="13.725"/>
  <system-out/>
  <testcase classname="practice.CreateMultipleWithOrgIndustryTest" name="createMultipleOrg" time="14.369"/>
  <system-out/>
  <testcase classname="practice.CreateMultipleWithOrgIndustryTest" name="createMultipleOrg" time="15.633"/>
  <system-out/>
  <testcase classname="practice.CreateMultipleWithOrgIndustryTest" name="createMultipleOrg" time="15.047"/>
  <system-out/>
  <testcase classname="practice.CreateMultipleWithOrgIndustryTest" name="createMultipleOrg" time="14.306"/>
  <system-out/>
</testsuite> <!-- practice.CreateMultipleWithOrgIndustryTest -->
