<?xml version="1.0" encoding="UTF-8"?>
<!-- Generated by org.testng.reporters.JUnitReportReporter -->
<testsuite hostname="Naveen" failures="0" tests="3" name="practice.DataProiversPractic" time="0.016" errors="0" timestamp="2023-03-09T13:00:43 IST" skipped="0">
  <testcase classname="practice.DataProiversPractic" name="dataProviders" time="0.001"/>
  <system-out/>
  <testcase classname="practice.DataProiversPractic" name="dataProviders" time="0.005"/>
  <system-out/>
  <testcase classname="practice.DataProiversPractic" name="dataProviders" time="0.010"/>
  <system-out/>
</testsuite> <!-- practice.DataProiversPractic -->
